This file contains any messages produced by compilers while
running configure, to aid debugging if configure makes a mistake.

It was created by fRLR configure 1.1, which was
generated by GNU Autoconf 2.69.  Invocation command line was

  $ ./configure 

## --------- ##
## Platform. ##
## --------- ##

hostname = weiya-ThinkPad-T460p
uname -m = x86_64
uname -r = 4.4.0-140-generic
uname -s = Linux
uname -v = #166-Ubuntu SMP Wed Nov 14 20:09:47 UTC 2018

/usr/bin/uname -p = unknown
/bin/uname -X     = unknown

/bin/arch              = unknown
/usr/bin/arch -k       = unknown
/usr/convex/getsysinfo = unknown
/usr/bin/hostinfo      = unknown
/bin/machine           = unknown
/usr/bin/oslevel       = unknown
/bin/universe          = unknown

PATH: /home/weiya/circos-0.69-3/bin
PATH: /home/weiya/anaconda2/bin
PATH: /usr/local/sbin
PATH: /usr/local/bin
PATH: /usr/sbin
PATH: /usr/bin
PATH: /sbin
PATH: /bin
PATH: /usr/games
PATH: /usr/local/games
PATH: /snap/bin
PATH: /usr/local/jvm/jdk1.8.0_91/bin
PATH: /usr/local/jvm/jdk1.8.0_91/jre/bin


## ----------- ##
## Core tests. ##
## ----------- ##

configure:1694: checking for gsl-config
configure:1712: found /usr/local/bin/gsl-config
configure:1724: result: /usr/local/bin/gsl-config
configure:1895: creating ./config.status

## ---------------------- ##
## Running config.status. ##
## ---------------------- ##

This file was extended by fRLR config.status 1.1, which was
generated by GNU Autoconf 2.69.  Invocation command line was

  CONFIG_FILES    = 
  CONFIG_HEADERS  = 
  CONFIG_LINKS    = 
  CONFIG_COMMANDS = 
  $ ./config.status 

on weiya-ThinkPad-T460p

config.status:716: creating src/Makevars

## ---------------- ##
## Cache variables. ##
## ---------------- ##

ac_cv_env_build_alias_set=
ac_cv_env_build_alias_value=
ac_cv_env_host_alias_set=
ac_cv_env_host_alias_value=
ac_cv_env_target_alias_set=
ac_cv_env_target_alias_value=
ac_cv_path_GSL_CONFIG=/usr/local/bin/gsl-config

## ----------------- ##
## Output variables. ##
## ----------------- ##

DEFS='-DPACKAGE_NAME=\"fRLR\" -DPACKAGE_TARNAME=\"frlr\" -DPACKAGE_VERSION=\"1.1\" -DPACKAGE_STRING=\"fRLR\ 1.1\" -DPACKAGE_BUGREPORT=\"\" -DPACKAGE_URL=\"\"'
ECHO_C=''
ECHO_N='-n'
ECHO_T=''
GSL_CFLAGS='-I/usr/local/include'
GSL_CONFIG='/usr/local/bin/gsl-config'
GSL_LIBS='-L/usr/local/lib -lgsl -lgslcblas -lm'
LIBOBJS=''
LIBS=''
LTLIBOBJS=''
PACKAGE_BUGREPORT=''
PACKAGE_NAME='fRLR'
PACKAGE_STRING='fRLR 1.1'
PACKAGE_TARNAME='frlr'
PACKAGE_URL=''
PACKAGE_VERSION='1.1'
PATH_SEPARATOR=':'
SHELL='/bin/bash'
bindir='${exec_prefix}/bin'
build_alias=''
datadir='${datarootdir}'
datarootdir='${prefix}/share'
docdir='${datarootdir}/doc/${PACKAGE_TARNAME}'
dvidir='${docdir}'
exec_prefix='${prefix}'
host_alias=''
htmldir='${docdir}'
includedir='${prefix}/include'
infodir='${datarootdir}/info'
libdir='${exec_prefix}/lib'
libexecdir='${exec_prefix}/libexec'
localedir='${datarootdir}/locale'
localstatedir='${prefix}/var'
mandir='${datarootdir}/man'
oldincludedir='/usr/include'
pdfdir='${docdir}'
prefix='/usr/local'
program_transform_name='s,x,x,'
psdir='${docdir}'
runstatedir='${localstatedir}/run'
sbindir='${exec_prefix}/sbin'
sharedstatedir='${prefix}/com'
sysconfdir='${prefix}/etc'
target_alias=''

## ----------- ##
## confdefs.h. ##
## ----------- ##

/* confdefs.h */
#define PACKAGE_NAME "fRLR"
#define PACKAGE_TARNAME "frlr"
#define PACKAGE_VERSION "1.1"
#define PACKAGE_STRING "fRLR 1.1"
#define PACKAGE_BUGREPORT ""
#define PACKAGE_URL ""

configure: exit 0
